[0219/184607.679:ERROR:process_memory_win.cc(73)] ReadMemory at 0x202baf40000 of 64 bytes failed: Only part of a ReadProcessMemory or WriteProcessMemory request was completed. (0x12B)
[0219/184607.680:WARNING:pe_image_reader.cc(340)] could not read dos header from C:\WINDOWS\System32\RPCRT4.dll
[0219/184607.681:ERROR:process_memory_win.cc(73)] ReadMemory at 0x202bb0d35b0 of 72 bytes failed: Only part of a ReadProcessMemory or WriteProcessMemory request was completed. (0x12B)
[0219/184607.681:WARNING:pe_image_annotations_reader.cc(134)] could not read annotations list object in C:\Program Files (x86)\Google\Chrome\Application\80.0.3987.116\chrome_elf.dll
[0219/184607.682:ERROR:process_memory_win.cc(73)] ReadMemory at 0x202baf40000 of 64 bytes failed: Only part of a ReadProcessMemory or WriteProcessMemory request was completed. (0x12B)
[0219/184607.683:WARNING:pe_image_reader.cc(340)] could not read dos header from C:\WINDOWS\System32\RPCRT4.dll
[0219/184607.683:ERROR:process_memory_win.cc(73)] ReadMemory at 0x202baf40000 of 64 bytes failed: Only part of a ReadProcessMemory or WriteProcessMemory request was completed. (0x12B)
[0219/184607.683:WARNING:pe_image_reader.cc(340)] could not read dos header from C:\WINDOWS\System32\RPCRT4.dll
[0219/184607.683:ERROR:process_memory_win.cc(73)] ReadMemory at 0x202bb0e5d70 of 72 bytes failed: Only part of a ReadProcessMemory or WriteProcessMemory request was completed. (0x12B)
[0219/184607.683:WARNING:pe_image_annotations_reader.cc(134)] could not read annotations list object in C:\Program Files (x86)\Google\Chrome\Application\80.0.3987.116\chrome.dll
[0219/184607.729:ERROR:process_memory_win.cc(73)] ReadMemory at 0x7ff63e2b0000 of 64 bytes failed: Only part of a ReadProcessMemory or WriteProcessMemory request was completed. (0x12B)
[0219/184607.729:WARNING:pe_image_reader.cc(340)] could not read dos header from C:\Program Files (x86)\Google\Chrome\Application\chrome.exe
[0219/184607.729:ERROR:process_memory_win.cc(73)] ReadMemory at 0x7ff9dc440000 of 64 bytes failed: Only part of a ReadProcessMemory or WriteProcessMemory request was completed. (0x12B)
[0219/184607.729:WARNING:pe_image_reader.cc(340)] could not read dos header from C:\WINDOWS\SYSTEM32\ntdll.dll
[0219/184607.729:ERROR:process_memory_win.cc(73)] ReadMemory at 0x7ff9dae40000 of 64 bytes failed: Only part of a ReadProcessMemory or WriteProcessMemory request was completed. (0x12B)
[0219/184607.729:WARNING:pe_image_reader.cc(340)] could not read dos header from C:\WINDOWS\System32\KERNEL32.DLL
[0219/184607.729:ERROR:process_memory_win.cc(73)] ReadMemory at 0x7ff9da240000 of 64 bytes failed: Only part of a ReadProcessMemory or WriteProcessMemory request was completed. (0x12B)
[0219/184607.729:WARNING:pe_image_reader.cc(340)] could not read dos header from C:\WINDOWS\System32\KERNELBASE.dll
[0219/184607.729:ERROR:process_memory_win.cc(73)] ReadMemory at 0x7ff9a2210000 of 64 bytes failed: Only part of a ReadProcessMemory or WriteProcessMemory request was completed. (0x12B)
[0219/184607.729:WARNING:pe_image_reader.cc(340)] could not read dos header from C:\Program Files (x86)\Google\Chrome\Application\80.0.3987.116\chrome_elf.dll
[0219/184607.729:ERROR:process_memory_win.cc(73)] ReadMemory at 0x7ff9d4820000 of 64 bytes failed: Only part of a ReadProcessMemory or WriteProcessMemory request was completed. (0x12B)
[0219/184607.729:WARNING:pe_image_reader.cc(340)] could not read dos header from C:\WINDOWS\SYSTEM32\VERSION.dll
[0219/184607.729:ERROR:process_memory_win.cc(73)] ReadMemory at 0x7ff9da520000 of 64 bytes failed: Only part of a ReadProcessMemory or WriteProcessMemory request was completed. (0x12B)
[0219/184607.729:WARNING:pe_image_reader.cc(340)] could not read dos header from C:\WINDOWS\System32\msvcrt.dll
[0219/184607.729:ERROR:process_memory_win.cc(73)] ReadMemory at 0x7ff9da070000 of 64 bytes failed: Only part of a ReadProcessMemory or WriteProcessMemory request was completed. (0x12B)
[0219/184607.729:WARNING:pe_image_reader.cc(340)] could not read dos header from C:\WINDOWS\System32\bcryptPrimitives.dll
[0219/184607.729:ERROR:process_memory_win.cc(73)] ReadMemory at 0x7ff9db190000 of 64 bytes failed: Only part of a ReadProcessMemory or WriteProcessMemory request was completed. (0x12B)
[0219/184607.729:WARNING:pe_image_reader.cc(340)] could not read dos header from C:\WINDOWS\System32\ADVAPI32.dll
[0219/184607.729:ERROR:process_memory_win.cc(73)] ReadMemory at 0x7ff9daaa0000 of 64 bytes failed: Only part of a ReadProcessMemory or WriteProcessMemory request was completed. (0x12B)
[0219/184607.729:WARNING:pe_image_reader.cc(340)] could not read dos header from C:\WINDOWS\System32\sechost.dll
[0219/184607.729:ERROR:process_memory_win.cc(73)] ReadMemory at 0x202baf40000 of 64 bytes failed: Only part of a ReadProcessMemory or WriteProcessMemory request was completed. (0x12B)
[0219/184607.729:WARNING:pe_image_reader.cc(340)] could not read dos header from C:\WINDOWS\System32\RPCRT4.dll
[0219/184607.729:ERROR:process_memory_win.cc(73)] ReadMemory at 0x7ff991ac0000 of 64 bytes failed: Only part of a ReadProcessMemory or WriteProcessMemory request was completed. (0x12B)
[0219/184607.729:WARNING:pe_image_reader.cc(340)] could not read dos header from C:\Program Files (x86)\Google\Chrome\Application\80.0.3987.116\chrome.dll
[0219/184607.729:ERROR:process_memory_win.cc(73)] ReadMemory at 0x7ff9dc310000 of 64 bytes failed: Only part of a ReadProcessMemory or WriteProcessMemory request was completed. (0x12B)
[0219/184607.729:WARNING:pe_image_reader.cc(340)] could not read dos header from C:\WINDOWS\System32\WS2_32.dll
[0219/184607.729:ERROR:process_memory_win.cc(73)] ReadMemory at 0x7ff9dac60000 of 64 bytes failed: Only part of a ReadProcessMemory or WriteProcessMemory request was completed. (0x12B)
[0219/184607.729:WARNING:pe_image_reader.cc(340)] could not read dos header from C:\WINDOWS\System32\OLEAUT32.dll
[0219/184607.729:ERROR:process_memory_win.cc(73)] ReadMemory at 0x7ff9d9f80000 of 64 bytes failed: Only part of a ReadProcessMemory or WriteProcessMemory request was completed. (0x12B)
[0219/184607.729:WARNING:pe_image_reader.cc(340)] could not read dos header from C:\WINDOWS\System32\msvcp_win.dll
[0219/184607.729:ERROR:process_memory_win.cc(73)] ReadMemory at 0x7ff9d9650000 of 64 bytes failed: Only part of a ReadProcessMemory or WriteProcessMemory request was completed. (0x12B)
[0219/184607.729:WARNING:pe_image_reader.cc(340)] could not read dos header from C:\WINDOWS\System32\ucrtbase.dll
[0219/184607.729:ERROR:process_memory_win.cc(73)] ReadMemory at 0x7ff9da710000 of 64 bytes failed: Only part of a ReadProcessMemory or WriteProcessMemory request was completed. (0x12B)
[0219/184607.729:WARNING:pe_image_reader.cc(340)] could not read dos header from C:\WINDOWS\System32\combase.dll
[0219/184607.729:ERROR:process_memory_win.cc(73)] ReadMemory at 0x7ff9d95f0000 of 64 bytes failed: Only part of a ReadProcessMemory or WriteProcessMemory request was completed. (0x12B)
[0219/184607.729:WARNING:pe_image_reader.cc(340)] could not read dos header from C:\WINDOWS\System32\WINTRUST.dll
[0219/184607.729:ERROR:process_memory_win.cc(73)] ReadMemory at 0x7ff9d9340000 of 64 bytes failed: Only part of a ReadProcessMemory or WriteProcessMemory request was completed. (0x12B)
[0219/184607.729:WARNING:pe_image_reader.cc(340)] could not read dos header from C:\WINDOWS\System32\MSASN1.dll
[0219/184607.734:ERROR:process_memory_win.cc(73)] ReadMemory at 0x7ff9da0f0000 of 64 bytes failed: Only part of a ReadProcessMemory or WriteProcessMemory request was completed. (0x12B)
[0219/184607.734:WARNING:pe_image_reader.cc(340)] could not read dos header from C:\WINDOWS\System32\CRYPT32.dll
[0219/184607.734:ERROR:process_memory_win.cc(73)] ReadMemory at 0x7ff9d8830000 of 64 bytes failed: Only part of a ReadProcessMemory or WriteProcessMemory request was completed. (0x12B)
[0219/184607.734:WARNING:pe_image_reader.cc(340)] could not read dos header from C:\WINDOWS\SYSTEM32\IPHLPAPI.DLL
[0219/184607.734:ERROR:process_memory_win.cc(73)] ReadMemory at 0x7ff9c69d0000 of 64 bytes failed: Only part of a ReadProcessMemory or WriteProcessMemory request was completed. (0x12B)
[0219/184607.734:WARNING:pe_image_reader.cc(340)] could not read dos header from C:\WINDOWS\SYSTEM32\WINMM.dll
[0219/184607.734:ERROR:process_memory_win.cc(73)] ReadMemory at 0x7ff9ca660000 of 64 bytes failed: Only part of a ReadProcessMemory or WriteProcessMemory request was completed. (0x12B)
[0219/184607.734:WARNING:pe_image_reader.cc(340)] could not read dos header from C:\WINDOWS\SYSTEM32\Secur32.dll
[0219/184607.734:ERROR:process_memory_win.cc(73)] ReadMemory at 0x7ff9d9230000 of 64 bytes failed: Only part of a ReadProcessMemory or WriteProcessMemory request was completed. (0x12B)
[0219/184607.734:WARNING:pe_image_reader.cc(340)] could not read dos header from C:\WINDOWS\SYSTEM32\USERENV.dll
[0219/184607.734:ERROR:process_memory_win.cc(73)] ReadMemory at 0x7ff9d9360000 of 64 bytes failed: Only part of a ReadProcessMemory or WriteProcessMemory request was completed. (0x12B)
[0219/184607.734:WARNING:pe_image_reader.cc(340)] could not read dos header from C:\WINDOWS\System32\profapi.dll
[0219/184607.734:ERROR:process_memory_win.cc(73)] ReadMemory at 0x7ff9aef90000 of 64 bytes failed: Only part of a ReadProcessMemory or WriteProcessMemory request was completed. (0x12B)
[0219/184607.734:WARNING:pe_image_reader.cc(340)] could not read dos header from C:\WINDOWS\SYSTEM32\UIAutomationCore.DLL
[0219/184607.734:ERROR:process_memory_win.cc(73)] ReadMemory at 0x7ff9c34b0000 of 64 bytes failed: Only part of a ReadProcessMemory or WriteProcessMemory request was completed. (0x12B)
[0219/184607.734:WARNING:pe_image_reader.cc(340)] could not read dos header from C:\WINDOWS\SYSTEM32\DWrite.dll
[0219/184607.734:ERROR:process_memory_win.cc(73)] ReadMemory at 0x7ff999ec0000 of 64 bytes failed: Only part of a ReadProcessMemory or WriteProcessMemory request was completed. (0x12B)
[0219/184607.734:WARNING:pe_image_reader.cc(340)] could not read dos header from C:\WINDOWS\SYSTEM32\WINSPOOL.DRV
[0219/184607.734:ERROR:process_memory_win.cc(73)] ReadMemory at 0x7ff9d9320000 of 64 bytes failed: Only part of a ReadProcessMemory or WriteProcessMemory request was completed. (0x12B)
[0219/184607.734:WARNING:pe_image_reader.cc(340)] could not read dos header from C:\WINDOWS\System32\kernel.appcore.dll
[0219/184607.734:ERROR:process_memory_win.cc(73)] ReadMemory at 0x7ff9d93d0000 of 64 bytes failed: Only part of a ReadProcessMemory or WriteProcessMemory request was completed. (0x12B)
[0219/184607.734:WARNING:pe_image_reader.cc(340)] could not read dos header from C:\WINDOWS\System32\bcrypt.dll
[0219/184607.734:ERROR:process_memory_win.cc(73)] ReadMemory at 0x7ff9d7bf0000 of 64 bytes failed: Only part of a ReadProcessMemory or WriteProcessMemory request was completed. (0x12B)
[0219/184607.734:WARNING:pe_image_reader.cc(340)] could not read dos header from C:\WINDOWS\SYSTEM32\dbghelp.dll
[0219/184607.734:ERROR:process_memory_win.cc(73)] ReadMemory at 0x7ff9d7820000 of 64 bytes failed: Only part of a ReadProcessMemory or WriteProcessMemory request was completed. (0x12B)
[0219/184607.734:WARNING:pe_image_reader.cc(340)] could not read dos header from C:\WINDOWS\SYSTEM32\WINHTTP.dll
[0219/184607.734:ERROR:process_memory_win.cc(73)] ReadMemory at 0x7ff9d1c30000 of 64 bytes failed: Only part of a ReadProcessMemory or WriteProcessMemory request was completed. (0x12B)
[0219/184607.734:WARNING:pe_image_reader.cc(340)] could not read dos header from C:\WINDOWS\SYSTEM32\dhcpcsvc.DLL
[0219/184607.734:ERROR:process_memory_win.cc(73)] ReadMemory at 0x7ff9db020000 of 64 bytes failed: Only part of a ReadProcessMemory or WriteProcessMemory request was completed. (0x12B)
[0219/184607.734:WARNING:pe_image_reader.cc(340)] could not read dos header from C:\WINDOWS\System32\NSI.dll
[0219/184607.734:ERROR:process_memory_win.cc(73)] ReadMemory at 0x7ff9ca490000 of 64 bytes failed: Only part of a ReadProcessMemory or WriteProcessMemory request was completed. (0x12B)
[0219/184607.734:WARNING:pe_image_reader.cc(340)] could not read dos header from C:\WINDOWS\SYSTEM32\WINMMBASE.dll
[0219/184607.734:ERROR:process_memory_win.cc(73)] ReadMemory at 0x7ff9da020000 of 64 bytes failed: Only part of a ReadProcessMemory or WriteProcessMemory request was completed. (0x12B)
[0219/184607.734:WARNING:pe_image_reader.cc(340)] could not read dos header from C:\WINDOWS\System32\cfgmgr32.dll
[0219/184607.734:ERROR:process_memory_win.cc(73)] ReadMemory at 0x7ff9d55c0000 of 64 bytes failed: Only part of a ReadProcessMemory or WriteProcessMemory request was completed. (0x12B)
[0219/184607.734:WARNING:pe_image_reader.cc(340)] could not read dos header from C:\WINDOWS\SYSTEM32\PROPSYS.dll
[0219/184607.734:ERROR:process_memory_win.cc(73)] ReadMemory at 0x7ff9dabb0000 of 64 bytes failed: Only part of a ReadProcessMemory or WriteProcessMemory request was completed. (0x12B)
[0219/184607.734:WARNING:pe_image_reader.cc(340)] could not read dos header from C:\WINDOWS\System32\shcore.dll
[0219/184607.734:ERROR:process_memory_win.cc(73)] ReadMemory at 0x7ff9d9200000 of 64 bytes failed: Only part of a ReadProcessMemory or WriteProcessMemory request was completed. (0x12B)
[0219/184607.734:WARNING:pe_image_reader.cc(340)] could not read dos header from C:\WINDOWS\SYSTEM32\SSPICLI.DLL
[0219/184607.734:ERROR:process_memory_win.cc(73)] ReadMemory at 0x7ff9d8cf0000 of 64 bytes failed: Only part of a ReadProcessMemory or WriteProcessMemory request was completed. (0x12B)
[0219/184607.734:WARNING:pe_image_reader.cc(340)] could not read dos header from C:\WINDOWS\SYSTEM32\CRYPTBASE.DLL
[0219/184607.734:ERROR:process_memory_win.cc(73)] ReadMemory at 0x7ff63e2b0000 of 64 bytes failed: Only part of a ReadProcessMemory or WriteProcessMemory request was completed. (0x12B)
[0219/184607.734:WARNING:pe_image_reader.cc(340)] could not read dos header from C:\Program Files (x86)\Google\Chrome\Application\chrome.exe
[0219/184607.734:ERROR:process_memory_win.cc(73)] ReadMemory at 0x7ff9dc440000 of 64 bytes failed: Only part of a ReadProcessMemory or WriteProcessMemory request was completed. (0x12B)
[0219/184607.734:WARNING:pe_image_reader.cc(340)] could not read dos header from C:\WINDOWS\SYSTEM32\ntdll.dll
[0219/184607.734:ERROR:process_memory_win.cc(73)] ReadMemory at 0x7ff9dae40000 of 64 bytes failed: Only part of a ReadProcessMemory or WriteProcessMemory request was completed. (0x12B)
[0219/184607.734:WARNING:pe_image_reader.cc(340)] could not read dos header from C:\WINDOWS\System32\KERNEL32.DLL
[0219/184607.734:ERROR:process_memory_win.cc(73)] ReadMemory at 0x7ff9da240000 of 64 bytes failed: Only part of a ReadProcessMemory or WriteProcessMemory request was completed. (0x12B)
[0219/184607.734:WARNING:pe_image_reader.cc(340)] could not read dos header from C:\WINDOWS\System32\KERNELBASE.dll
[0219/184607.734:ERROR:process_memory_win.cc(73)] ReadMemory at 0x7ff9a2210000 of 64 bytes failed: Only part of a ReadProcessMemory or WriteProcessMemory request was completed. (0x12B)
[0219/184607.734:WARNING:pe_image_reader.cc(340)] could not read dos header from C:\Program Files (x86)\Google\Chrome\Application\80.0.3987.116\chrome_elf.dll
[0219/184607.734:ERROR:process_memory_win.cc(73)] ReadMemory at 0x7ff9d4820000 of 64 bytes failed: Only part of a ReadProcessMemory or WriteProcessMemory request was completed. (0x12B)
[0219/184607.734:WARNING:pe_image_reader.cc(340)] could not read dos header from C:\WINDOWS\SYSTEM32\VERSION.dll
[0219/184607.734:ERROR:process_memory_win.cc(73)] ReadMemory at 0x7ff9da520000 of 64 bytes failed: Only part of a ReadProcessMemory or WriteProcessMemory request was completed. (0x12B)
[0219/184607.734:WARNING:pe_image_reader.cc(340)] could not read dos header from C:\WINDOWS\System32\msvcrt.dll
[0219/184607.734:ERROR:process_memory_win.cc(73)] ReadMemory at 0x7ff9da070000 of 64 bytes failed: Only part of a ReadProcessMemory or WriteProcessMemory request was completed. (0x12B)
[0219/184607.734:WARNING:pe_image_reader.cc(340)] could not read dos header from C:\WINDOWS\System32\bcryptPrimitives.dll
[0219/184607.734:ERROR:process_memory_win.cc(73)] ReadMemory at 0x7ff9db190000 of 64 bytes failed: Only part of a ReadProcessMemory or WriteProcessMemory request was completed. (0x12B)
[0219/184607.734:WARNING:pe_image_reader.cc(340)] could not read dos header from C:\WINDOWS\System32\ADVAPI32.dll
[0219/184607.735:ERROR:process_memory_win.cc(73)] ReadMemory at 0x7ff9daaa0000 of 64 bytes failed: Only part of a ReadProcessMemory or WriteProcessMemory request was completed. (0x12B)
[0219/184607.735:WARNING:pe_image_reader.cc(340)] could not read dos header from C:\WINDOWS\System32\sechost.dll
[0219/184607.735:ERROR:process_memory_win.cc(73)] ReadMemory at 0x202baf40000 of 64 bytes failed: Only part of a ReadProcessMemory or WriteProcessMemory request was completed. (0x12B)
[0219/184607.735:WARNING:pe_image_reader.cc(340)] could not read dos header from C:\WINDOWS\System32\RPCRT4.dll
[0219/184607.735:ERROR:process_memory_win.cc(73)] ReadMemory at 0x7ff991ac0000 of 64 bytes failed: Only part of a ReadProcessMemory or WriteProcessMemory request was completed. (0x12B)
[0219/184607.735:WARNING:pe_image_reader.cc(340)] could not read dos header from C:\Program Files (x86)\Google\Chrome\Application\80.0.3987.116\chrome.dll
[0219/184607.735:ERROR:process_memory_win.cc(73)] ReadMemory at 0x7ff9dc310000 of 64 bytes failed: Only part of a ReadProcessMemory or WriteProcessMemory request was completed. (0x12B)
[0219/184607.735:WARNING:pe_image_reader.cc(340)] could not read dos header from C:\WINDOWS\System32\WS2_32.dll
[0219/184607.735:ERROR:process_memory_win.cc(73)] ReadMemory at 0x7ff9dac60000 of 64 bytes failed: Only part of a ReadProcessMemory or WriteProcessMemory request was completed. (0x12B)
[0219/184607.735:WARNING:pe_image_reader.cc(340)] could not read dos header from C:\WINDOWS\System32\OLEAUT32.dll
[0219/184607.735:ERROR:process_memory_win.cc(73)] ReadMemory at 0x7ff9d9f80000 of 64 bytes failed: Only part of a ReadProcessMemory or WriteProcessMemory request was completed. (0x12B)
[0219/184607.735:WARNING:pe_image_reader.cc(340)] could not read dos header from C:\WINDOWS\System32\msvcp_win.dll
[0219/184607.735:ERROR:process_memory_win.cc(73)] ReadMemory at 0x7ff9d9650000 of 64 bytes failed: Only part of a ReadProcessMemory or WriteProcessMemory request was completed. (0x12B)
[0219/184607.735:WARNING:pe_image_reader.cc(340)] could not read dos header from C:\WINDOWS\System32\ucrtbase.dll
[0219/184607.735:ERROR:process_memory_win.cc(73)] ReadMemory at 0x7ff9da710000 of 64 bytes failed: Only part of a ReadProcessMemory or WriteProcessMemory request was completed. (0x12B)
[0219/184607.735:WARNING:pe_image_reader.cc(340)] could not read dos header from C:\WINDOWS\System32\combase.dll
[0219/184607.735:ERROR:process_memory_win.cc(73)] ReadMemory at 0x7ff9d95f0000 of 64 bytes failed: Only part of a ReadProcessMemory or WriteProcessMemory request was completed. (0x12B)
[0219/184607.735:WARNING:pe_image_reader.cc(340)] could not read dos header from C:\WINDOWS\System32\WINTRUST.dll
[0219/184607.735:ERROR:process_memory_win.cc(73)] ReadMemory at 0x7ff9d9340000 of 64 bytes failed: Only part of a ReadProcessMemory or WriteProcessMemory request was completed. (0x12B)
[0219/184607.735:WARNING:pe_image_reader.cc(340)] could not read dos header from C:\WINDOWS\System32\MSASN1.dll
[0219/184607.735:ERROR:process_memory_win.cc(73)] ReadMemory at 0x7ff9da0f0000 of 64 bytes failed: Only part of a ReadProcessMemory or WriteProcessMemory request was completed. (0x12B)
[0219/184607.735:WARNING:pe_image_reader.cc(340)] could not read dos header from C:\WINDOWS\System32\CRYPT32.dll
[0219/184607.735:ERROR:process_memory_win.cc(73)] ReadMemory at 0x7ff9d8830000 of 64 bytes failed: Only part of a ReadProcessMemory or WriteProcessMemory request was completed. (0x12B)
[0219/184607.735:WARNING:pe_image_reader.cc(340)] could not read dos header from C:\WINDOWS\SYSTEM32\IPHLPAPI.DLL
[0219/184607.735:ERROR:process_memory_win.cc(73)] ReadMemory at 0x7ff9c69d0000 of 64 bytes failed: Only part of a ReadProcessMemory or WriteProcessMemory request was completed. (0x12B)
[0219/184607.735:WARNING:pe_image_reader.cc(340)] could not read dos header from C:\WINDOWS\SYSTEM32\WINMM.dll
[0219/184607.735:ERROR:process_memory_win.cc(73)] ReadMemory at 0x7ff9ca660000 of 64 bytes failed: Only part of a ReadProcessMemory or WriteProcessMemory request was completed. (0x12B)
[0219/184607.735:WARNING:pe_image_reader.cc(340)] could not read dos header from C:\WINDOWS\SYSTEM32\Secur32.dll
[0219/184607.735:ERROR:process_memory_win.cc(73)] ReadMemory at 0x7ff9d9230000 of 64 bytes failed: Only part of a ReadProcessMemory or WriteProcessMemory request was completed. (0x12B)
[0219/184607.735:WARNING:pe_image_reader.cc(340)] could not read dos header from C:\WINDOWS\SYSTEM32\USERENV.dll
[0219/184607.735:ERROR:process_memory_win.cc(73)] ReadMemory at 0x7ff9d9360000 of 64 bytes failed: Only part of a ReadProcessMemory or WriteProcessMemory request was completed. (0x12B)
[0219/184607.735:WARNING:pe_image_reader.cc(340)] could not read dos header from C:\WINDOWS\System32\profapi.dll
[0219/184607.736:ERROR:process_memory_win.cc(73)] ReadMemory at 0x7ff9aef90000 of 64 bytes failed: Only part of a ReadProcessMemory or WriteProcessMemory request was completed. (0x12B)
[0219/184607.736:WARNING:pe_image_reader.cc(340)] could not read dos header from C:\WINDOWS\SYSTEM32\UIAutomationCore.DLL
[0219/184607.736:ERROR:process_memory_win.cc(73)] ReadMemory at 0x7ff9c34b0000 of 64 bytes failed: Only part of a ReadProcessMemory or WriteProcessMemory request was completed. (0x12B)
[0219/184607.736:WARNING:pe_image_reader.cc(340)] could not read dos header from C:\WINDOWS\SYSTEM32\DWrite.dll
[0219/184607.736:ERROR:process_memory_win.cc(73)] ReadMemory at 0x7ff999ec0000 of 64 bytes failed: Only part of a ReadProcessMemory or WriteProcessMemory request was completed. (0x12B)
[0219/184607.736:WARNING:pe_image_reader.cc(340)] could not read dos header from C:\WINDOWS\SYSTEM32\WINSPOOL.DRV
[0219/184607.736:ERROR:process_memory_win.cc(73)] ReadMemory at 0x7ff9d9320000 of 64 bytes failed: Only part of a ReadProcessMemory or WriteProcessMemory request was completed. (0x12B)
[0219/184607.736:WARNING:pe_image_reader.cc(340)] could not read dos header from C:\WINDOWS\System32\kernel.appcore.dll
[0219/184607.736:ERROR:process_memory_win.cc(73)] ReadMemory at 0x7ff9d93d0000 of 64 bytes failed: Only part of a ReadProcessMemory or WriteProcessMemory request was completed. (0x12B)
[0219/184607.736:WARNING:pe_image_reader.cc(340)] could not read dos header from C:\WINDOWS\System32\bcrypt.dll
[0219/184607.736:ERROR:process_memory_win.cc(73)] ReadMemory at 0x7ff9d7bf0000 of 64 bytes failed: Only part of a ReadProcessMemory or WriteProcessMemory request was completed. (0x12B)
[0219/184607.736:WARNING:pe_image_reader.cc(340)] could not read dos header from C:\WINDOWS\SYSTEM32\dbghelp.dll
[0219/184607.736:ERROR:process_memory_win.cc(73)] ReadMemory at 0x7ff9d7820000 of 64 bytes failed: Only part of a ReadProcessMemory or WriteProcessMemory request was completed. (0x12B)
[0219/184607.736:WARNING:pe_image_reader.cc(340)] could not read dos header from C:\WINDOWS\SYSTEM32\WINHTTP.dll
[0219/184607.736:ERROR:process_memory_win.cc(73)] ReadMemory at 0x7ff9d1c30000 of 64 bytes failed: Only part of a ReadProcessMemory or WriteProcessMemory request was completed. (0x12B)
[0219/184607.736:WARNING:pe_image_reader.cc(340)] could not read dos header from C:\WINDOWS\SYSTEM32\dhcpcsvc.DLL
[0219/184607.736:ERROR:process_memory_win.cc(73)] ReadMemory at 0x7ff9db020000 of 64 bytes failed: Only part of a ReadProcessMemory or WriteProcessMemory request was completed. (0x12B)
[0219/184607.736:WARNING:pe_image_reader.cc(340)] could not read dos header from C:\WINDOWS\System32\NSI.dll
[0219/184607.736:ERROR:process_memory_win.cc(73)] ReadMemory at 0x7ff9ca490000 of 64 bytes failed: Only part of a ReadProcessMemory or WriteProcessMemory request was completed. (0x12B)
[0219/184607.736:WARNING:pe_image_reader.cc(340)] could not read dos header from C:\WINDOWS\SYSTEM32\WINMMBASE.dll
[0219/184607.736:ERROR:process_memory_win.cc(73)] ReadMemory at 0x7ff9da020000 of 64 bytes failed: Only part of a ReadProcessMemory or WriteProcessMemory request was completed. (0x12B)
[0219/184607.736:WARNING:pe_image_reader.cc(340)] could not read dos header from C:\WINDOWS\System32\cfgmgr32.dll
[0219/184607.736:ERROR:process_memory_win.cc(73)] ReadMemory at 0x7ff9d55c0000 of 64 bytes failed: Only part of a ReadProcessMemory or WriteProcessMemory request was completed. (0x12B)
[0219/184607.736:WARNING:pe_image_reader.cc(340)] could not read dos header from C:\WINDOWS\SYSTEM32\PROPSYS.dll
[0219/184607.736:ERROR:process_memory_win.cc(73)] ReadMemory at 0x7ff9dabb0000 of 64 bytes failed: Only part of a ReadProcessMemory or WriteProcessMemory request was completed. (0x12B)
[0219/184607.736:WARNING:pe_image_reader.cc(340)] could not read dos header from C:\WINDOWS\System32\shcore.dll
[0219/184607.736:ERROR:process_memory_win.cc(73)] ReadMemory at 0x7ff9d9200000 of 64 bytes failed: Only part of a ReadProcessMemory or WriteProcessMemory request was completed. (0x12B)
[0219/184607.736:WARNING:pe_image_reader.cc(340)] could not read dos header from C:\WINDOWS\SYSTEM32\SSPICLI.DLL
[0219/184607.736:ERROR:process_memory_win.cc(73)] ReadMemory at 0x7ff9d8cf0000 of 64 bytes failed: Only part of a ReadProcessMemory or WriteProcessMemory request was completed. (0x12B)
[0219/184607.736:WARNING:pe_image_reader.cc(340)] could not read dos header from C:\WINDOWS\SYSTEM32\CRYPTBASE.DLL
[0219/184607.742:ERROR:process_memory_win.cc(73)] ReadMemory at 0x5365ff5000 of 45056 bytes failed: Only part of a ReadProcessMemory or WriteProcessMemory request was completed. (0x12B)
[0219/184607.746:ERROR:process_memory_win.cc(73)] ReadMemory at 0x53667fd000 of 12288 bytes failed: Only part of a ReadProcessMemory or WriteProcessMemory request was completed. (0x12B)
[0219/184607.746:ERROR:process_memory_win.cc(73)] ReadMemory at 0x5366ff7000 of 36864 bytes failed: Only part of a ReadProcessMemory or WriteProcessMemory request was completed. (0x12B)
[0219/184607.746:ERROR:process_memory_win.cc(73)] ReadMemory at 0x53677fc000 of 16384 bytes failed: Only part of a ReadProcessMemory or WriteProcessMemory request was completed. (0x12B)
[0219/184607.746:ERROR:process_memory_win.cc(73)] ReadMemory at 0x5367ffc000 of 16384 bytes failed: Only part of a ReadProcessMemory or WriteProcessMemory request was completed. (0x12B)
[0219/184607.746:ERROR:process_memory_win.cc(73)] ReadMemory at 0x53687ff000 of 4096 bytes failed: Only part of a ReadProcessMemory or WriteProcessMemory request was completed. (0x12B)
[0219/184607.746:ERROR:process_memory_win.cc(73)] ReadMemory at 0x5368ffd000 of 12288 bytes failed: Only part of a ReadProcessMemory or WriteProcessMemory request was completed. (0x12B)
[0219/184607.746:ERROR:process_memory_win.cc(73)] ReadMemory at 0x53697fb000 of 20480 bytes failed: Only part of a ReadProcessMemory or WriteProcessMemory request was completed. (0x12B)
[0219/184607.746:ERROR:process_memory_win.cc(73)] ReadMemory at 0x5369ffd000 of 12288 bytes failed: Only part of a ReadProcessMemory or WriteProcessMemory request was completed. (0x12B)
[0219/184607.746:ERROR:process_memory_win.cc(73)] ReadMemory at 0x536a7fb000 of 20480 bytes failed: Only part of a ReadProcessMemory or WriteProcessMemory request was completed. (0x12B)
[0219/184607.746:ERROR:process_memory_win.cc(73)] ReadMemory at 0x536aff7000 of 36864 bytes failed: Only part of a ReadProcessMemory or WriteProcessMemory request was completed. (0x12B)
[0219/184607.746:ERROR:process_memory_win.cc(73)] ReadMemory at 0x536b7fc000 of 16384 bytes failed: Only part of a ReadProcessMemory or WriteProcessMemory request was completed. (0x12B)
[0219/184607.746:ERROR:process_memory_win.cc(73)] ReadMemory at 0x536bff7000 of 36864 bytes failed: Only part of a ReadProcessMemory or WriteProcessMemory request was completed. (0x12B)
[0219/184607.746:ERROR:process_memory_win.cc(73)] ReadMemory at 0x536c7fc000 of 16384 bytes failed: Only part of a ReadProcessMemory or WriteProcessMemory request was completed. (0x12B)
[0219/184607.746:ERROR:process_memory_win.cc(73)] ReadMemory at 0x536cffd000 of 12288 bytes failed: Only part of a ReadProcessMemory or WriteProcessMemory request was completed. (0x12B)
[0219/184607.746:ERROR:process_memory_win.cc(73)] ReadMemory at 0x536d7f7000 of 36864 bytes failed: Only part of a ReadProcessMemory or WriteProcessMemory request was completed. (0x12B)
[0219/184607.746:ERROR:process_memory_win.cc(73)] ReadMemory at 0x536dffc000 of 16384 bytes failed: Only part of a ReadProcessMemory or WriteProcessMemory request was completed. (0x12B)
[0219/184607.746:ERROR:process_memory_win.cc(73)] ReadMemory at 0x536e7fc000 of 16384 bytes failed: Only part of a ReadProcessMemory or WriteProcessMemory request was completed. (0x12B)
[0219/184607.746:ERROR:process_memory_win.cc(73)] ReadMemory at 0x536effa000 of 24576 bytes failed: Only part of a ReadProcessMemory or WriteProcessMemory request was completed. (0x12B)
[0219/184607.746:ERROR:process_memory_win.cc(73)] ReadMemory at 0x536f7f7000 of 36864 bytes failed: Only part of a ReadProcessMemory or WriteProcessMemory request was completed. (0x12B)
[0219/184607.746:ERROR:process_memory_win.cc(73)] ReadMemory at 0x53707fd000 of 12288 bytes failed: Only part of a ReadProcessMemory or WriteProcessMemory request was completed. (0x12B)
[0219/184607.746:ERROR:process_memory_win.cc(73)] ReadMemory at 0x5370ffd000 of 12288 bytes failed: Only part of a ReadProcessMemory or WriteProcessMemory request was completed. (0x12B)
[0219/184607.746:ERROR:process_memory_win.cc(73)] ReadMemory at 0x53717fd000 of 12288 bytes failed: Only part of a ReadProcessMemory or WriteProcessMemory request was completed. (0x12B)
[0219/184607.746:ERROR:process_memory_win.cc(73)] ReadMemory at 0x5365672000 of 852 bytes failed: Only part of a ReadProcessMemory or WriteProcessMemory request was completed. (0x12B)
[0219/184607.746:ERROR:process_memory_win.cc(73)] ReadMemory at 0x5365673000 of 6024 bytes failed: Only part of a ReadProcessMemory or WriteProcessMemory request was completed. (0x12B)
[0219/184607.746:ERROR:process_memory_win.cc(73)] ReadMemory at 0x5365675000 of 6024 bytes failed: Only part of a ReadProcessMemory or WriteProcessMemory request was completed. (0x12B)
[0219/184607.746:ERROR:process_memory_win.cc(73)] ReadMemory at 0x5365677000 of 6024 bytes failed: Only part of a ReadProcessMemory or WriteProcessMemory request was completed. (0x12B)
[0219/184607.746:ERROR:process_memory_win.cc(73)] ReadMemory at 0x5365679000 of 6024 bytes failed: Only part of a ReadProcessMemory or WriteProcessMemory request was completed. (0x12B)
[0219/184607.746:ERROR:process_memory_win.cc(73)] ReadMemory at 0x536567b000 of 6024 bytes failed: Only part of a ReadProcessMemory or WriteProcessMemory request was completed. (0x12B)
[0219/184607.746:ERROR:process_memory_win.cc(73)] ReadMemory at 0x536567d000 of 6024 bytes failed: Only part of a ReadProcessMemory or WriteProcessMemory request was completed. (0x12B)
[0219/184607.746:ERROR:process_memory_win.cc(73)] ReadMemory at 0x536567f000 of 6024 bytes failed: Only part of a ReadProcessMemory or WriteProcessMemory request was completed. (0x12B)
[0219/184607.746:ERROR:process_memory_win.cc(73)] ReadMemory at 0x5365681000 of 6024 bytes failed: Only part of a ReadProcessMemory or WriteProcessMemory request was completed. (0x12B)
[0219/184607.746:ERROR:process_memory_win.cc(73)] ReadMemory at 0x5365683000 of 6024 bytes failed: Only part of a ReadProcessMemory or WriteProcessMemory request was completed. (0x12B)
[0219/184607.746:ERROR:process_memory_win.cc(73)] ReadMemory at 0x5365685000 of 6024 bytes failed: Only part of a ReadProcessMemory or WriteProcessMemory request was completed. (0x12B)
[0219/184607.746:ERROR:process_memory_win.cc(73)] ReadMemory at 0x5365687000 of 6024 bytes failed: Only part of a ReadProcessMemory or WriteProcessMemory request was completed. (0x12B)
[0219/184607.746:ERROR:process_memory_win.cc(73)] ReadMemory at 0x5365689000 of 6024 bytes failed: Only part of a ReadProcessMemory or WriteProcessMemory request was completed. (0x12B)
[0219/184607.746:ERROR:process_memory_win.cc(73)] ReadMemory at 0x536568b000 of 6024 bytes failed: Only part of a ReadProcessMemory or WriteProcessMemory request was completed. (0x12B)
[0219/184607.746:ERROR:process_memory_win.cc(73)] ReadMemory at 0x536568d000 of 6024 bytes failed: Only part of a ReadProcessMemory or WriteProcessMemory request was completed. (0x12B)
[0219/184607.746:ERROR:process_memory_win.cc(73)] ReadMemory at 0x536568f000 of 6024 bytes failed: Only part of a ReadProcessMemory or WriteProcessMemory request was completed. (0x12B)
[0219/184607.746:ERROR:process_memory_win.cc(73)] ReadMemory at 0x5365691000 of 6024 bytes failed: Only part of a ReadProcessMemory or WriteProcessMemory request was completed. (0x12B)
[0219/184607.746:ERROR:process_memory_win.cc(73)] ReadMemory at 0x5365693000 of 6024 bytes failed: Only part of a ReadProcessMemory or WriteProcessMemory request was completed. (0x12B)
[0219/184607.746:ERROR:process_memory_win.cc(73)] ReadMemory at 0x5365695000 of 6024 bytes failed: Only part of a ReadProcessMemory or WriteProcessMemory request was completed. (0x12B)
[0219/184607.746:ERROR:process_memory_win.cc(73)] ReadMemory at 0x5365697000 of 6024 bytes failed: Only part of a ReadProcessMemory or WriteProcessMemory request was completed. (0x12B)
[0219/184607.746:ERROR:process_memory_win.cc(73)] ReadMemory at 0x5365699000 of 6024 bytes failed: Only part of a ReadProcessMemory or WriteProcessMemory request was completed. (0x12B)
[0219/184607.746:ERROR:process_memory_win.cc(73)] ReadMemory at 0x536569d000 of 6024 bytes failed: Only part of a ReadProcessMemory or WriteProcessMemory request was completed. (0x12B)
[0219/184607.746:ERROR:process_memory_win.cc(73)] ReadMemory at 0x536569f000 of 6024 bytes failed: Only part of a ReadProcessMemory or WriteProcessMemory request was completed. (0x12B)
[0219/184607.746:ERROR:process_memory_win.cc(73)] ReadMemory at 0x53656a1000 of 6024 bytes failed: Only part of a ReadProcessMemory or WriteProcessMemory request was completed. (0x12B)
[0219/184607.746:ERROR:process_memory_win.cc(73)] ReadMemory at 0x202bacd0750 of 80 bytes failed: Only part of a ReadProcessMemory or WriteProcessMemory request was completed. (0x12B)
[0219/184607.746:ERROR:process_memory_win.cc(73)] ReadMemory at 0x202bacd0fe0 of 11738 bytes failed: Only part of a ReadProcessMemory or WriteProcessMemory request was completed. (0x12B)
[0219/184607.746:ERROR:process_memory_win.cc(73)] ReadMemory at 0x202bacd3dd0 of 1012 bytes failed: Only part of a ReadProcessMemory or WriteProcessMemory request was completed. (0x12B)
[0219/184607.746:ERROR:process_memory_win.cc(73)] ReadMemory at 0x202bacd4418 of 118 bytes failed: Only part of a ReadProcessMemory or WriteProcessMemory request was completed. (0x12B)
[0219/184607.746:ERROR:process_memory_win.cc(73)] ReadMemory at 0x202bacd4490 of 762 bytes failed: Only part of a ReadProcessMemory or WriteProcessMemory request was completed. (0x12B)
[0219/184607.746:ERROR:process_memory_win.cc(73)] ReadMemory at 0x202bacd478c of 118 bytes failed: Only part of a ReadProcessMemory or WriteProcessMemory request was completed. (0x12B)
[0219/184607.746:ERROR:process_memory_win.cc(73)] ReadMemory at 0x202bacd4804 of 96 bytes failed: Only part of a ReadProcessMemory or WriteProcessMemory request was completed. (0x12B)
[0219/184607.746:ERROR:process_memory_win.cc(73)] ReadMemory at 0x202bacd4870 of 58 bytes failed: Only part of a ReadProcessMemory or WriteProcessMemory request was completed. (0x12B)
[0219/184607.746:ERROR:process_memory_win.cc(73)] ReadMemory at 0x202bacd4970 of 132 bytes failed: Only part of a ReadProcessMemory or WriteProcessMemory request was completed. (0x12B)
[0219/184607.746:ERROR:process_memory_win.cc(73)] ReadMemory at 0x202bacd4b00 of 132 bytes failed: Only part of a ReadProcessMemory or WriteProcessMemory request was completed. (0x12B)
[0219/184607.746:ERROR:process_memory_win.cc(73)] ReadMemory at 0x202bacd4cc0 of 126 bytes failed: Only part of a ReadProcessMemory or WriteProcessMemory request was completed. (0x12B)
[0219/184607.746:ERROR:process_memory_win.cc(73)] ReadMemory at 0x202bacd50a0 of 132 bytes failed: Only part of a ReadProcessMemory or WriteProcessMemory request was completed. (0x12B)
[0219/184607.746:ERROR:process_memory_win.cc(73)] ReadMemory at 0x202bacd5230 of 64 bytes failed: Only part of a ReadProcessMemory or WriteProcessMemory request was completed. (0x12B)
[0219/184607.749:ERROR:process_memory_win.cc(73)] ReadMemory at 0x202bacd53f0 of 132 bytes failed: Only part of a ReadProcessMemory or WriteProcessMemory request was completed. (0x12B)
[0219/184607.749:ERROR:process_memory_win.cc(73)] ReadMemory at 0x202bacd5690 of 132 bytes failed: Only part of a ReadProcessMemory or WriteProcessMemory request was completed. (0x12B)
[0219/184607.749:ERROR:process_memory_win.cc(73)] ReadMemory at 0x202bacd5820 of 68 bytes failed: Only part of a ReadProcessMemory or WriteProcessMemory request was completed. (0x12B)
[0219/184607.749:ERROR:process_memory_win.cc(73)] ReadMemory at 0x202bacd68f0 of 132 bytes failed: Only part of a ReadProcessMemory or WriteProcessMemory request was completed. (0x12B)
[0219/184607.749:ERROR:process_memory_win.cc(73)] ReadMemory at 0x202bacd6a80 of 154 bytes failed: Only part of a ReadProcessMemory or WriteProcessMemory request was completed. (0x12B)
[0219/184607.749:ERROR:process_memory_win.cc(73)] ReadMemory at 0x202bacd77c0 of 146 bytes failed: Only part of a ReadProcessMemory or WriteProcessMemory request was completed. (0x12B)
[0219/184607.749:ERROR:process_memory_win.cc(73)] ReadMemory at 0x202bacd78a0 of 132 bytes failed: Only part of a ReadProcessMemory or WriteProcessMemory request was completed. (0x12B)
[0219/184607.749:ERROR:process_memory_win.cc(73)] ReadMemory at 0x202bacd7f60 of 132 bytes failed: Only part of a ReadProcessMemory or WriteProcessMemory request was completed. (0x12B)
[0219/184607.749:ERROR:process_memory_win.cc(73)] ReadMemory at 0x202bacd8e20 of 60 bytes failed: Only part of a ReadProcessMemory or WriteProcessMemory request was completed. (0x12B)
[0219/184607.749:ERROR:process_memory_win.cc(73)] ReadMemory at 0x202bacd8e70 of 62 bytes failed: Only part of a ReadProcessMemory or WriteProcessMemory request was completed. (0x12B)
[0219/184607.749:ERROR:process_memory_win.cc(73)] ReadMemory at 0x202bacd9600 of 132 bytes failed: Only part of a ReadProcessMemory or WriteProcessMemory request was completed. (0x12B)
[0219/184607.749:ERROR:process_memory_win.cc(73)] ReadMemory at 0x202bacd9820 of 132 bytes failed: Only part of a ReadProcessMemory or WriteProcessMemory request was completed. (0x12B)
[0219/184607.749:ERROR:process_memory_win.cc(73)] ReadMemory at 0x202bacd9ab0 of 132 bytes failed: Only part of a ReadProcessMemory or WriteProcessMemory request was completed. (0x12B)
[0219/184607.749:ERROR:process_memory_win.cc(73)] ReadMemory at 0x202bacdca50 of 60 bytes failed: Only part of a ReadProcessMemory or WriteProcessMemory request was completed. (0x12B)
[0219/184607.749:ERROR:process_memory_win.cc(73)] ReadMemory at 0x202bacdcaa0 of 66 bytes failed: Only part of a ReadProcessMemory or WriteProcessMemory request was completed. (0x12B)
[0219/184607.749:ERROR:process_memory_win.cc(73)] ReadMemory at 0x202bacdcaf0 of 64 bytes failed: Only part of a ReadProcessMemory or WriteProcessMemory request was completed. (0x12B)
[0219/184607.749:ERROR:process_memory_win.cc(73)] ReadMemory at 0x202bacdcb90 of 60 bytes failed: Only part of a ReadProcessMemory or WriteProcessMemory request was completed. (0x12B)
[0219/184607.749:ERROR:process_memory_win.cc(73)] ReadMemory at 0x202bacdcbe0 of 64 bytes failed: Only part of a ReadProcessMemory or WriteProcessMemory request was completed. (0x12B)
[0219/184607.749:ERROR:process_memory_win.cc(73)] ReadMemory at 0x202bacdcd70 of 62 bytes failed: Only part of a ReadProcessMemory or WriteProcessMemory request was completed. (0x12B)
[0219/184607.749:ERROR:process_memory_win.cc(73)] ReadMemory at 0x202bacdcfa0 of 62 bytes failed: Only part of a ReadProcessMemory or WriteProcessMemory request was completed. (0x12B)
[0219/184607.749:ERROR:process_memory_win.cc(73)] ReadMemory at 0x202bacdcff0 of 64 bytes failed: Only part of a ReadProcessMemory or WriteProcessMemory request was completed. (0x12B)
[0219/184607.749:ERROR:process_memory_win.cc(73)] ReadMemory at 0x202bacdd040 of 64 bytes failed: Only part of a ReadProcessMemory or WriteProcessMemory request was completed. (0x12B)
[0219/184607.749:ERROR:process_memory_win.cc(73)] ReadMemory at 0x202bacdd840 of 80 bytes failed: Only part of a ReadProcessMemory or WriteProcessMemory request was completed. (0x12B)
[0219/184607.749:ERROR:process_memory_win.cc(73)] ReadMemory at 0x202bacddf00 of 76 bytes failed: Only part of a ReadProcessMemory or WriteProcessMemory request was completed. (0x12B)
[0219/184607.749:ERROR:process_memory_win.cc(73)] ReadMemory at 0x202bace0b40 of 54 bytes failed: Only part of a ReadProcessMemory or WriteProcessMemory request was completed. (0x12B)
[0219/184607.749:ERROR:process_memory_win.cc(73)] ReadMemory at 0x202bace1920 of 132 bytes failed: Only part of a ReadProcessMemory or WriteProcessMemory request was completed. (0x12B)
[0219/184607.749:ERROR:process_memory_win.cc(73)] ReadMemory at 0x202bace1a50 of 132 bytes failed: Only part of a ReadProcessMemory or WriteProcessMemory request was completed. (0x12B)
[0219/184607.749:ERROR:process_memory_win.cc(73)] ReadMemory at 0x202bace1f90 of 132 bytes failed: Only part of a ReadProcessMemory or WriteProcessMemory request was completed. (0x12B)
[0219/184607.750:ERROR:process_memory_win.cc(73)] ReadMemory at 0x202bace2870 of 60 bytes failed: Only part of a ReadProcessMemory or WriteProcessMemory request was completed. (0x12B)
[0219/184607.750:ERROR:process_memory_win.cc(73)] ReadMemory at 0x202bace28c0 of 60 bytes failed: Only part of a ReadProcessMemory or WriteProcessMemory request was completed. (0x12B)
[0219/184607.750:ERROR:process_memory_win.cc(73)] ReadMemory at 0x202bace29b0 of 66 bytes failed: Only part of a ReadProcessMemory or WriteProcessMemory request was completed. (0x12B)
[0219/184607.750:ERROR:process_memory_win.cc(73)] ReadMemory at 0x202bace2c30 of 64 bytes failed: Only part of a ReadProcessMemory or WriteProcessMemory request was completed. (0x12B)
[0219/184607.750:ERROR:process_memory_win.cc(73)] ReadMemory at 0x202bace2c80 of 62 bytes failed: Only part of a ReadProcessMemory or WriteProcessMemory request was completed. (0x12B)
[0219/184607.750:ERROR:process_memory_win.cc(73)] ReadMemory at 0x202bace2d70 of 64 bytes failed: Only part of a ReadProcessMemory or WriteProcessMemory request was completed. (0x12B)
[0219/184607.750:ERROR:process_memory_win.cc(73)] ReadMemory at 0x202bace2dc0 of 62 bytes failed: Only part of a ReadProcessMemory or WriteProcessMemory request was completed. (0x12B)
[0219/184607.750:ERROR:process_memory_win.cc(73)] ReadMemory at 0x202bace2e60 of 64 bytes failed: Only part of a ReadProcessMemory or WriteProcessMemory request was completed. (0x12B)
[0219/184607.750:ERROR:process_memory_win.cc(73)] ReadMemory at 0x202bace2eb0 of 62 bytes failed: Only part of a ReadProcessMemory or WriteProcessMemory request was completed. (0x12B)
[0219/184607.750:ERROR:process_memory_win.cc(73)] ReadMemory at 0x202bace2fa0 of 62 bytes failed: Only part of a ReadProcessMemory or WriteProcessMemory request was completed. (0x12B)
[0219/184607.750:ERROR:process_memory_win.cc(73)] ReadMemory at 0x202bace2ff0 of 60 bytes failed: Only part of a ReadProcessMemory or WriteProcessMemory request was completed. (0x12B)
[0219/184607.750:ERROR:process_memory_win.cc(73)] ReadMemory at 0x202bace3040 of 62 bytes failed: Only part of a ReadProcessMemory or WriteProcessMemory request was completed. (0x12B)
[0219/184607.750:ERROR:process_memory_win.cc(73)] ReadMemory at 0x202bace3220 of 58 bytes failed: Only part of a ReadProcessMemory or WriteProcessMemory request was completed. (0x12B)
[0219/184607.750:ERROR:process_memory_win.cc(73)] ReadMemory at 0x202bace3270 of 62 bytes failed: Only part of a ReadProcessMemory or WriteProcessMemory request was completed. (0x12B)
[0219/184607.750:ERROR:process_memory_win.cc(73)] ReadMemory at 0x202bace32c0 of 62 bytes failed: Only part of a ReadProcessMemory or WriteProcessMemory request was completed. (0x12B)
[0219/184607.750:ERROR:process_memory_win.cc(73)] ReadMemory at 0x202bace3360 of 62 bytes failed: Only part of a ReadProcessMemory or WriteProcessMemory request was completed. (0x12B)
[0219/184607.750:ERROR:process_memory_win.cc(73)] ReadMemory at 0x202bace3450 of 64 bytes failed: Only part of a ReadProcessMemory or WriteProcessMemory request was completed. (0x12B)
[0219/184607.750:ERROR:process_memory_win.cc(73)] ReadMemory at 0x202bace36d0 of 60 bytes failed: Only part of a ReadProcessMemory or WriteProcessMemory request was completed. (0x12B)
[0219/184607.750:ERROR:process_memory_win.cc(73)] ReadMemory at 0x202bace4cb0 of 132 bytes failed: Only part of a ReadProcessMemory or WriteProcessMemory request was completed. (0x12B)
[0219/184607.750:ERROR:process_memory_win.cc(73)] ReadMemory at 0x202bace7ab0 of 132 bytes failed: Only part of a ReadProcessMemory or WriteProcessMemory request was completed. (0x12B)
[0219/184607.750:ERROR:process_memory_win.cc(73)] ReadMemory at 0x202bace7cc0 of 132 bytes failed: Only part of a ReadProcessMemory or WriteProcessMemory request was completed. (0x12B)
[0219/184607.750:ERROR:process_memory_win.cc(73)] ReadMemory at 0x202bace7ff0 of 132 bytes failed: Only part of a ReadProcessMemory or WriteProcessMemory request was completed. (0x12B)
[0219/184607.750:ERROR:process_memory_win.cc(73)] ReadMemory at 0x202bace8120 of 132 bytes failed: Only part of a ReadProcessMemory or WriteProcessMemory request was completed. (0x12B)
[0219/184607.750:ERROR:process_memory_win.cc(73)] ReadMemory at 0x202bace8250 of 132 bytes failed: Only part of a ReadProcessMemory or WriteProcessMemory request was completed. (0x12B)
[0219/184607.751:ERROR:process_memory_win.cc(73)] ReadMemory at 0x202bace8380 of 132 bytes failed: Only part of a ReadProcessMemory or WriteProcessMemory request was completed. (0x12B)
[0219/184607.751:ERROR:process_memory_win.cc(73)] ReadMemory at 0x202bace84b0 of 132 bytes failed: Only part of a ReadProcessMemory or WriteProcessMemory request was completed. (0x12B)
[0219/184607.751:ERROR:process_memory_win.cc(73)] ReadMemory at 0x202bace85e0 of 132 bytes failed: Only part of a ReadProcessMemory or WriteProcessMemory request was completed. (0x12B)
[0219/184607.751:ERROR:process_memory_win.cc(73)] ReadMemory at 0x202bace8710 of 132 bytes failed: Only part of a ReadProcessMemory or WriteProcessMemory request was completed. (0x12B)
[0219/184607.751:ERROR:process_memory_win.cc(73)] ReadMemory at 0x202bace8840 of 132 bytes failed: Only part of a ReadProcessMemory or WriteProcessMemory request was completed. (0x12B)
[0219/184607.751:ERROR:process_memory_win.cc(73)] ReadMemory at 0x202bace8970 of 132 bytes failed: Only part of a ReadProcessMemory or WriteProcessMemory request was completed. (0x12B)
[0219/184607.751:ERROR:process_memory_win.cc(73)] ReadMemory at 0x202bace8aa0 of 132 bytes failed: Only part of a ReadProcessMemory or WriteProcessMemory request was completed. (0x12B)
[0219/184607.751:ERROR:process_memory_win.cc(73)] ReadMemory at 0x202bace8bd0 of 132 bytes failed: Only part of a ReadProcessMemory or WriteProcessMemory request was completed. (0x12B)
[0219/184607.751:ERROR:process_memory_win.cc(73)] ReadMemory at 0x202bace8e30 of 132 bytes failed: Only part of a ReadProcessMemory or WriteProcessMemory request was completed. (0x12B)
[0219/184607.751:ERROR:process_memory_win.cc(73)] ReadMemory at 0x202bace9130 of 132 bytes failed: Only part of a ReadProcessMemory or WriteProcessMemory request was completed. (0x12B)
[0219/184607.751:ERROR:process_memory_win.cc(73)] ReadMemory at 0x202bace9260 of 132 bytes failed: Only part of a ReadProcessMemory or WriteProcessMemory request was completed. (0x12B)
[0219/184607.751:ERROR:process_memory_win.cc(73)] ReadMemory at 0x202bace94c0 of 132 bytes failed: Only part of a ReadProcessMemory or WriteProcessMemory request was completed. (0x12B)
[0219/184607.751:ERROR:process_memory_win.cc(73)] ReadMemory at 0x202bace95f0 of 132 bytes failed: Only part of a ReadProcessMemory or WriteProcessMemory request was completed. (0x12B)
[0219/184607.751:ERROR:process_memory_win.cc(73)] ReadMemory at 0x202bace9850 of 132 bytes failed: Only part of a ReadProcessMemory or WriteProcessMemory request was completed. (0x12B)
[0219/184607.751:ERROR:process_memory_win.cc(73)] ReadMemory at 0x202bace9ab0 of 132 bytes failed: Only part of a ReadProcessMemory or WriteProcessMemory request was completed. (0x12B)
[0219/184607.751:ERROR:process_memory_win.cc(73)] ReadMemory at 0x202bacea690 of 132 bytes failed: Only part of a ReadProcessMemory or WriteProcessMemory request was completed. (0x12B)
[0219/184607.751:ERROR:process_memory_win.cc(73)] ReadMemory at 0x202bacea7c0 of 132 bytes failed: Only part of a ReadProcessMemory or WriteProcessMemory request was completed. (0x12B)
[0219/184607.751:ERROR:process_memory_win.cc(73)] ReadMemory at 0x202bacea8f0 of 132 bytes failed: Only part of a ReadProcessMemory or WriteProcessMemory request was completed. (0x12B)
[0219/184607.751:ERROR:process_memory_win.cc(73)] ReadMemory at 0x202baceab50 of 132 bytes failed: Only part of a ReadProcessMemory or WriteProcessMemory request was completed. (0x12B)
[0219/184607.751:ERROR:process_memory_win.cc(73)] ReadMemory at 0x202bad01080 of 512 bytes failed: Only part of a ReadProcessMemory or WriteProcessMemory request was completed. (0x12B)
[0219/184607.751:ERROR:process_memory_win.cc(73)] ReadMemory at 0x202bad026b0 of 512 bytes failed: Only part of a ReadProcessMemory or WriteProcessMemory request was completed. (0x12B)
[0219/184607.751:ERROR:process_memory_win.cc(73)] ReadMemory at 0x202baee0c40 of 512 bytes failed: Only part of a ReadProcessMemory or WriteProcessMemory request was completed. (0x12B)
[0219/184607.751:ERROR:process_memory_win.cc(73)] ReadMemory at 0x202baee1cc0 of 896 bytes failed: Only part of a ReadProcessMemory or WriteProcessMemory request was completed. (0x12B)
[0219/184607.752:ERROR:process_memory_win.cc(73)] ReadMemory at 0x202baee3580 of 512 bytes failed: Only part of a ReadProcessMemory or WriteProcessMemory request was completed. (0x12B)
[0219/184607.752:ERROR:process_memory_win.cc(73)] ReadMemory at 0x202bb11e780 of 512 bytes failed: Only part of a ReadProcessMemory or WriteProcessMemory request was completed. (0x12B)
[0219/184607.752:ERROR:process_memory_win.cc(73)] ReadMemory at 0x202bb1213d0 of 512 bytes failed: Only part of a ReadProcessMemory or WriteProcessMemory request was completed. (0x12B)
[0219/184607.752:ERROR:process_memory_win.cc(73)] ReadMemory at 0x202bb122ea0 of 512 bytes failed: Only part of a ReadProcessMemory or WriteProcessMemory request was completed. (0x12B)
[0219/184607.752:ERROR:process_memory_win.cc(73)] ReadMemory at 0x202bb123a40 of 512 bytes failed: Only part of a ReadProcessMemory or WriteProcessMemory request was completed. (0x12B)
[0219/184607.752:ERROR:process_memory_win.cc(73)] ReadMemory at 0x202bb1243f8 of 512 bytes failed: Only part of a ReadProcessMemory or WriteProcessMemory request was completed. (0x12B)
[0219/184607.752:ERROR:process_memory_win.cc(73)] ReadMemory at 0x202bb125540 of 512 bytes failed: Only part of a ReadProcessMemory or WriteProcessMemory request was completed. (0x12B)
[0219/184607.752:ERROR:process_memory_win.cc(73)] ReadMemory at 0x202bb1465c0 of 712 bytes failed: Only part of a ReadProcessMemory or WriteProcessMemory request was completed. (0x12B)
[0219/184607.752:ERROR:process_memory_win.cc(73)] ReadMemory at 0x202bb14add0 of 512 bytes failed: Only part of a ReadProcessMemory or WriteProcessMemory request was completed. (0x12B)
[0219/184607.752:ERROR:process_memory_win.cc(73)] ReadMemory at 0x202bb1680b8 of 944 bytes failed: Only part of a ReadProcessMemory or WriteProcessMemory request was completed. (0x12B)
[0219/184607.752:ERROR:process_memory_win.cc(73)] ReadMemory at 0x202bb168658 of 512 bytes failed: Only part of a ReadProcessMemory or WriteProcessMemory request was completed. (0x12B)
[0219/184607.752:ERROR:process_memory_win.cc(73)] ReadMemory at 0x202bb168d18 of 512 bytes failed: Only part of a ReadProcessMemory or WriteProcessMemory request was completed. (0x12B)
[0219/184607.752:ERROR:process_memory_win.cc(73)] ReadMemory at 0x202bb1692b8 of 512 bytes failed: Only part of a ReadProcessMemory or WriteProcessMemory request was completed. (0x12B)
[0219/184607.752:ERROR:process_memory_win.cc(73)] ReadMemory at 0x202bb1a9f10 of 800 bytes failed: Only part of a ReadProcessMemory or WriteProcessMemory request was completed. (0x12B)
[0219/184607.752:ERROR:process_memory_win.cc(73)] ReadMemory at 0x202bcf60000 of 384 bytes failed: Only part of a ReadProcessMemory or WriteProcessMemory request was completed. (0x12B)
[0219/184607.752:ERROR:process_memory_win.cc(73)] ReadMemory at 0x202bcfcc340 of 512 bytes failed: Only part of a ReadProcessMemory or WriteProcessMemory request was completed. (0x12B)
[0219/184607.752:ERROR:process_memory_win.cc(73)] ReadMemory at 0x202bd0ac8f0 of 512 bytes failed: Only part of a ReadProcessMemory or WriteProcessMemory request was completed. (0x12B)
[0219/184607.752:ERROR:process_memory_win.cc(73)] ReadMemory at 0x202bd530350 of 512 bytes failed: Only part of a ReadProcessMemory or WriteProcessMemory request was completed. (0x12B)
[0219/184607.753:ERROR:process_memory_win.cc(73)] ReadMemory at 0x202bd5ee9d0 of 512 bytes failed: Only part of a ReadProcessMemory or WriteProcessMemory request was completed. (0x12B)
[0219/184607.753:ERROR:process_memory_win.cc(73)] ReadMemory at 0x202bd66caf0 of 512 bytes failed: Only part of a ReadProcessMemory or WriteProcessMemory request was completed. (0x12B)
[0219/184607.753:ERROR:process_memory_win.cc(73)] ReadMemory at 0x202bd6787a0 of 512 bytes failed: Only part of a ReadProcessMemory or WriteProcessMemory request was completed. (0x12B)
[0219/184607.753:ERROR:process_memory_win.cc(73)] ReadMemory at 0x202bd6e8e58 of 512 bytes failed: Only part of a ReadProcessMemory or WriteProcessMemory request was completed. (0x12B)
[0219/184607.753:ERROR:process_memory_win.cc(73)] ReadMemory at 0x202bd6ef220 of 512 bytes failed: Only part of a ReadProcessMemory or WriteProcessMemory request was completed. (0x12B)
[0219/184607.753:ERROR:process_memory_win.cc(73)] ReadMemory at 0x202be4810d0 of 512 bytes failed: Only part of a ReadProcessMemory or WriteProcessMemory request was completed. (0x12B)
[0219/184607.753:ERROR:process_memory_win.cc(73)] ReadMemory at 0x202bfb8c630 of 512 bytes failed: Only part of a ReadProcessMemory or WriteProcessMemory request was completed. (0x12B)
[0219/184607.753:ERROR:process_memory_win.cc(73)] ReadMemory at 0x13928b324330 of 512 bytes failed: Only part of a ReadProcessMemory or WriteProcessMemory request was completed. (0x12B)
[0219/184607.753:ERROR:process_memory_win.cc(73)] ReadMemory at 0x5cf9081b7881 of 512 bytes failed: Only part of a ReadProcessMemory or WriteProcessMemory request was completed. (0x12B)
[0219/184607.753:ERROR:process_memory_win.cc(73)] ReadMemory at 0x5cf908937271 of 512 bytes failed: Only part of a ReadProcessMemory or WriteProcessMemory request was completed. (0x12B)
[0219/184607.753:ERROR:process_memory_win.cc(73)] ReadMemory at 0x7b07aed37f80 of 512 bytes failed: Only part of a ReadProcessMemory or WriteProcessMemory request was completed. (0x12B)
[0219/184607.753:ERROR:process_memory_win.cc(73)] ReadMemory at 0x7ff9937e13b0 of 512 bytes failed: Only part of a ReadProcessMemory or WriteProcessMemory request was completed. (0x12B)
[0219/184607.753:ERROR:process_memory_win.cc(73)] ReadMemory at 0x7ff994184794 of 512 bytes failed: Only part of a ReadProcessMemory or WriteProcessMemory request was completed. (0x12B)
[0219/184607.753:ERROR:process_memory_win.cc(73)] ReadMemory at 0x7ff994e03a7b of 512 bytes failed: Only part of a ReadProcessMemory or WriteProcessMemory request was completed. (0x12B)
[0219/184607.753:ERROR:process_memory_win.cc(73)] ReadMemory at 0x7ff995f8520d of 512 bytes failed: Only part of a ReadProcessMemory or WriteProcessMemory request was completed. (0x12B)
[0219/184607.753:ERROR:process_memory_win.cc(73)] ReadMemory at 0x7ff9991c5940 of 512 bytes failed: Only part of a ReadProcessMemory or WriteProcessMemory request was completed. (0x12B)
[0219/184607.753:ERROR:process_memory_win.cc(73)] ReadMemory at 0x7ff9dc4dc0c4 of 672 bytes failed: Only part of a ReadProcessMemory or WriteProcessMemory request was completed. (0x12B)
[0219/184607.753:ERROR:process_memory_win.cc(73)] ReadMemory at 0x7ff9dc4dc6c4 of 512 bytes failed: Only part of a ReadProcessMemory or WriteProcessMemory request was completed. (0x12B)
[0219/184607.753:ERROR:process_memory_win.cc(73)] ReadMemory at 0x7ff9dc4df974 of 608 bytes failed: Only part of a ReadProcessMemory or WriteProcessMemory request was completed. (0x12B)
[0219/184607.753:ERROR:process_memory_win.cc(73)] ReadMemory at 0x7ff9dc56c428 of 18 bytes failed: Only part of a ReadProcessMemory or WriteProcessMemory request was completed. (0x12B)
[0219/184607.753:ERROR:process_memory_win.cc(73)] ReadMemory at 0x7ff9dc59f4f8 of 40 bytes failed: Only part of a ReadProcessMemory or WriteProcessMemory request was completed. (0x12B)
[0219/184607.754:ERROR:process_memory_win.cc(73)] ReadMemory at 0x7ff9dc59f978 of 48 bytes failed: Only part of a ReadProcessMemory or WriteProcessMemory request was completed. (0x12B)
[0219/184607.754:ERROR:process_memory_win.cc(73)] ReadMemory at 0x7ff9dc5a53c0 of 64 bytes failed: Only part of a ReadProcessMemory or WriteProcessMemory request was completed. (0x12B)
[0219/184607.755:ERROR:scoped_process_suspend.cc(40)] NtResumeProcess: An attempt was made to access an exiting process. (0xc000010a)
